# JRE version: Java(TM) SE Runtime Environment (8.0_171-b11) (build 1.8.0_171-b11)
# Java VM: Java HotSpot(TM) 64-Bit Server VM (25.171-b11 mixed mode windows-amd64 compressed oops)
Heap:
 PSYoungGen      total 294912K, used 39597K [0x0000000740b80000, 0x000000075a280000, 0x00000007c0000000)
  eden space 279040K, 8% used [0x0000000740b80000,0x00000007422ad570,0x0000000751c00000)
  from space 15872K, 99% used [0x0000000751c00000,0x0000000752b7dfe0,0x0000000752b80000)
  to   space 18944K, 0% used [0x0000000759000000,0x0000000759000000,0x000000075a280000)
 ParOldGen       total 256000K, used 14670K [0x0000000642200000, 0x0000000651c00000, 0x0000000740b80000)
  object space 256000K, 5% used [0x0000000642200000,0x0000000643053be8,0x0000000651c00000)
 Metaspace       used 45508K, capacity 47860K, committed 48128K, reserved 1091584K
  class space    used 6187K, capacity 6608K, committed 6656K, reserved 1048576K
GC Heap History (10 events):
Event: 1.220 GC heap before
{Heap before GC invocations=3 (full 1):
 PSYoungGen      total 212480K, used 11015K [0x0000000740b80000, 0x000000074ea80000, 0x00000007c0000000)
  eden space 196608K, 0% used [0x0000000740b80000,0x0000000740b80000,0x000000074cb80000)
  from space 15872K, 69% used [0x000000074db00000,0x000000074e5c1d00,0x000000074ea80000)
  to   space 15872K, 0% used [0x000000074cb80000,0x000000074cb80000,0x000000074db00000)
 ParOldGen       total 261120K, used 24K [0x0000000642200000, 0x0000000652100000, 0x0000000740b80000)
  object space 261120K, 0% used [0x0000000642200000,0x0000000642206000,0x0000000652100000)
 Metaspace       used 20503K, capacity 21196K, committed 21296K, reserved 1067008K
  class space    used 2680K, capacity 2866K, committed 2944K, reserved 1048576K
Event: 1.241 GC heap after
Heap after GC invocations=3 (full 1):
 PSYoungGen      total 212480K, used 0K [0x0000000740b80000, 0x000000074ea80000, 0x00000007c0000000)
  eden space 196608K, 0% used [0x0000000740b80000,0x0000000740b80000,0x000000074cb80000)
  from space 15872K, 0% used [0x000000074db00000,0x000000074db00000,0x000000074ea80000)
  to   space 15872K, 0% used [0x000000074cb80000,0x000000074cb80000,0x000000074db00000)
 ParOldGen       total 161280K, used 10562K [0x0000000642200000, 0x000000064bf80000, 0x0000000740b80000)
  object space 161280K, 6% used [0x0000000642200000,0x0000000642c509a0,0x000000064bf80000)
 Metaspace       used 20503K, capacity 21196K, committed 21296K, reserved 1067008K
  class space    used 2680K, capacity 2866K, committed 2944K, reserved 1048576K
}
Event: 1.994 GC heap before
{Heap before GC invocations=4 (full 1):
 PSYoungGen      total 212480K, used 196608K [0x0000000740b80000, 0x000000074ea80000, 0x00000007c0000000)
  eden space 196608K, 100% used [0x0000000740b80000,0x000000074cb80000,0x000000074cb80000)
  from space 15872K, 0% used [0x000000074db00000,0x000000074db00000,0x000000074ea80000)
  to   space 15872K, 0% used [0x000000074cb80000,0x000000074cb80000,0x000000074db00000)
 ParOldGen       total 161280K, used 10562K [0x0000000642200000, 0x000000064bf80000, 0x0000000740b80000)
  object space 161280K, 6% used [0x0000000642200000,0x0000000642c509a0,0x000000064bf80000)
 Metaspace       used 29784K, capacity 30932K, committed 31104K, reserved 1077248K
  class space    used 3853K, capacity 4112K, committed 4224K, reserved 1048576K
Event: 1.999 GC heap after
Heap after GC invocations=4 (full 1):
 PSYoungGen      total 212480K, used 14066K [0x0000000740b80000, 0x0000000753c00000, 0x00000007c0000000)
  eden space 196608K, 0% used [0x0000000740b80000,0x0000000740b80000,0x000000074cb80000)
  from space 15872K, 88% used [0x000000074cb80000,0x000000074d93c880,0x000000074db00000)
  to   space 15872K, 0% used [0x0000000752c80000,0x0000000752c80000,0x0000000753c00000)
 ParOldGen       total 161280K, used 10570K [0x0000000642200000, 0x000000064bf80000, 0x0000000740b80000)
  object space 161280K, 6% used [0x0000000642200000,0x0000000642c529a0,0x000000064bf80000)
 Metaspace       used 29784K, capacity 30932K, committed 31104K, reserved 1077248K
  class space    used 3853K, capacity 4112K, committed 4224K, reserved 1048576K
}
Event: 2.338 GC heap before
{Heap before GC invocations=5 (full 1):
 PSYoungGen      total 212480K, used 64464K [0x0000000740b80000, 0x0000000753c00000, 0x00000007c0000000)
  eden space 196608K, 25% used [0x0000000740b80000,0x0000000743cb7b48,0x000000074cb80000)
  from space 15872K, 88% used [0x000000074cb80000,0x000000074d93c880,0x000000074db00000)
  to   space 15872K, 0% used [0x0000000752c80000,0x0000000752c80000,0x0000000753c00000)
 ParOldGen       total 161280K, used 10570K [0x0000000642200000, 0x000000064bf80000, 0x0000000740b80000)
  object space 161280K, 6% used [0x0000000642200000,0x0000000642c529a0,0x000000064bf80000)
 Metaspace       used 33951K, capacity 35366K, committed 35456K, reserved 1079296K
  class space    used 4347K, capacity 4669K, committed 4736K, reserved 1048576K
Event: 2.341 GC heap after
Heap after GC invocations=5 (full 1):
 PSYoungGen      total 293888K, used 8244K [0x0000000740b80000, 0x0000000753b00000, 0x00000007c0000000)
  eden space 279040K, 0% used [0x0000000740b80000,0x0000000740b80000,0x0000000751c00000)
  from space 14848K, 55% used [0x0000000752c80000,0x000000075348d1f0,0x0000000753b00000)
  to   space 15872K, 0% used [0x0000000751c00000,0x0000000751c00000,0x0000000752b80000)
 ParOldGen       total 161280K, used 10578K [0x0000000642200000, 0x000000064bf80000, 0x0000000740b80000)
  object space 161280K, 6% used [0x0000000642200000,0x0000000642c549a0,0x000000064bf80000)
 Metaspace       used 33951K, capacity 35366K, committed 35456K, reserved 1079296K
  class space    used 4347K, capacity 4669K, committed 4736K, reserved 1048576K
}
Event: 2.341 GC heap before
{Heap before GC invocations=6 (full 2):
 PSYoungGen      total 293888K, used 8244K [0x0000000740b80000, 0x0000000753b00000, 0x00000007c0000000)
  eden space 279040K, 0% used [0x0000000740b80000,0x0000000740b80000,0x0000000751c00000)
  from space 14848K, 55% used [0x0000000752c80000,0x000000075348d1f0,0x0000000753b00000)
  to   space 15872K, 0% used [0x0000000751c00000,0x0000000751c00000,0x0000000752b80000)
 ParOldGen       total 161280K, used 10578K [0x0000000642200000, 0x000000064bf80000, 0x0000000740b80000)
  object space 161280K, 6% used [0x0000000642200000,0x0000000642c549a0,0x000000064bf80000)
 Metaspace       used 33951K, capacity 35366K, committed 35456K, reserved 1079296K
  class space    used 4347K, capacity 4669K, committed 4736K, reserved 1048576K
Event: 2.364 GC heap after
Heap after GC invocations=6 (full 2):
 PSYoungGen      total 293888K, used 0K [0x0000000740b80000, 0x0000000753b00000, 0x00000007c0000000)
  eden space 279040K, 0% used [0x0000000740b80000,0x0000000740b80000,0x0000000751c00000)
  from space 14848K, 0% used [0x0000000752c80000,0x0000000752c80000,0x0000000753b00000)
  to   space 15872K, 0% used [0x0000000751c00000,0x0000000751c00000,0x0000000752b80000)
 ParOldGen       total 256000K, used 13289K [0x0000000642200000, 0x0000000651c00000, 0x0000000740b80000)
  object space 256000K, 5% used [0x0000000642200000,0x0000000642efa700,0x0000000651c00000)
 Metaspace       used 33951K, capacity 35366K, committed 35456K, reserved 1079296K
  class space    used 4347K, capacity 4669K, committed 4736K, reserved 1048576K
}
Event: 3.681 GC heap before
{Heap before GC invocations=7 (full 2):
 PSYoungGen      total 293888K, used 279040K [0x0000000740b80000, 0x0000000753b00000, 0x00000007c0000000)
  eden space 279040K, 100% used [0x0000000740b80000,0x0000000751c00000,0x0000000751c00000)
  from space 14848K, 0% used [0x0000000752c80000,0x0000000752c80000,0x0000000753b00000)
  to   space 15872K, 0% used [0x0000000751c00000,0x0000000751c00000,0x0000000752b80000)
 ParOldGen       total 256000K, used 13289K [0x0000000642200000, 0x0000000651c00000, 0x0000000740b80000)
  object space 256000K, 5% used [0x0000000642200000,0x0000000642efa700,0x0000000651c00000)
 Metaspace       used 45087K, capacity 47332K, committed 47616K, reserved 1089536K
  class space    used 6126K, capacity 6544K, committed 6656K, reserved 1048576K
Event: 3.688 GC heap after
Heap after GC invocations=7 (full 2):
 PSYoungGen      total 294912K, used 15863K [0x0000000740b80000, 0x000000075a280000, 0x00000007c0000000)
  eden space 279040K, 0% used [0x0000000740b80000,0x0000000740b80000,0x0000000751c00000)
  from space 15872K, 99% used [0x0000000751c00000,0x0000000752b7dfe0,0x0000000752b80000)
  to   space 18944K, 0% used [0x0000000759000000,0x0000000759000000,0x000000075a280000)
 ParOldGen       total 256000K, used 14670K [0x0000000642200000, 0x0000000651c00000, 0x0000000740b80000)
  object space 256000K, 5% used [0x0000000642200000,0x0000000643053be8,0x0000000651c00000)
 Metaspace       used 45087K, capacity 47332K, committed 47616K, reserved 1089536K
  class space    used 6126K, capacity 6544K, committed 6656K, reserved 1048576K
}

